<?xml version="1.0" encoding="utf-8"?><testsuites name="pytest tests"><testsuite name="pytest" errors="0" failures="0" skipped="0" tests="13" time="7.384" timestamp="2026-08-18T19:57:34.863254+00:00" hostname="agent-env-188661bb-e184-4bcb-8c87-41afdbf52e71"><testcase classname="tests.test_demo_accounts.TestDemoManagerLogin" name="test_login_success" time="0.944" /><testcase classname="tests.test_demo_accounts.TestDemoManagerLogin" name="test_me_endpoint" time="0.443" /><testcase classname="tests.test_demo_accounts.TestDemoManagerLogin" name="test_manager_stats" time="0.446" /><testcase classname="tests.test_demo_accounts.TestDemoManagerLogin" name="test_manager_can_list_records" time="0.635" /><testcase classname="tests.test_demo_accounts.TestDemoManagerLogin" name="test_manager_can_access_team" time="0.578" /><testcase classname="tests.test_demo_accounts.TestDemoManagerLogin" name="test_manager_can_access_invites" time="0.439" /><testcase classname="tests.test_demo_accounts.TestDemoRepRBAC" name="test_login_success" time="0.362" /><testcase classname="tests.test_demo_accounts.TestDemoRepRBAC" name="test_rep_stats_scoped" time="0.404" /><testcase classname="tests.test_demo_accounts.TestDemoRepRBAC" name="test_rep_sees_only_own_deals" time="0.508" /><testcase classname="tests.test_demo_accounts.TestDemoRepRBAC" name="test_rep_forbidden_team" time="0.441" /><testcase classname="tests.test_demo_accounts.TestDemoRepRBAC" name="test_rep_forbidden_invites" time="0.532" /><testcase classname="tests.test_demo_accounts.TestWorkspaceIsolation" name="test_admin_workspace_not_demo" time="0.350" /><testcase classname="tests.test_demo_accounts.TestWorkspaceIsolation" name="test_admin_records_not_leaked_to_demo" time="1.231" /></testsuite></testsuites>