<?xml version="1.0" encoding="utf-8"?><testsuites name="pytest tests"><testsuite name="pytest" errors="0" failures="0" skipped="0" tests="25" time="23.946" timestamp="2026-08-18T19:40:05.546662+00:00" hostname="agent-env-188661bb-e184-4bcb-8c87-41afdbf52e71"><testcase classname="tests.test_iteration2.TestInvitesAndRBAC" name="test_team_manager_only" time="0.879" /><testcase classname="tests.test_iteration2.TestEnrollAndApprove" name="test_enroll_creates_email_pending" time="4.498" /><testcase classname="tests.test_iteration2.TestInvitesAndRBAC" name="test_create_invite_sends_real_email" time="0.586" /><testcase classname="tests.test_iteration2.TestInvitesAndRBAC" name="test_list_invites" time="0.066" /><testcase classname="tests.test_iteration2.TestInvitesAndRBAC" name="test_verify_invite" time="0.242" /><testcase classname="tests.test_iteration2.TestInvitesAndRBAC" name="test_verify_invite_bad_token" time="0.260" /><testcase classname="tests.test_iteration2.TestInvitesAndRBAC" name="test_accept_invite_creates_rep" time="0.452" /><testcase classname="tests.test_iteration2.TestInvitesAndRBAC" name="test_rep_sees_no_manager_records" time="0.202" /><testcase classname="tests.test_iteration2.TestInvitesAndRBAC" name="test_rep_cannot_access_team" time="0.066" /><testcase classname="tests.test_iteration2.TestInvitesAndRBAC" name="test_rep_cannot_list_invites" time="0.065" /><testcase classname="tests.test_iteration2.TestInvitesAndRBAC" name="test_rep_messages_and_sequences_scoped" time="0.145" /><testcase classname="tests.test_iteration2.TestInvitesAndRBAC" name="test_revoke_invite" time="0.532" /><testcase classname="tests.test_iteration2.TestAgentActions" name="test_plan_and_approve_update_deal" time="4.238" /><testcase classname="tests.test_iteration2.TestEnrollAndApprove" name="test_pending_messages_list" time="0.112" /><testcase classname="tests.test_iteration2.TestEnrollAndApprove" name="test_approve_and_send_real_email" time="0.257" /><testcase classname="tests.test_iteration2.TestEnrollAndApprove" name="test_enroll_whatsapp_and_simulated_send" time="3.641" /><testcase classname="tests.test_iteration2.TestAgentActions" name="test_plan_create_task_and_reject" time="5.390" /><testcase classname="tests.test_iteration2.TestEnrollAndApprove" name="test_reject_message" time="4.378" /><testcase classname="tests.test_iteration2.TestEnrollAndApprove" name="test_cleanup_sequences" time="0.165" /><testcase classname="tests.test_iteration2.TestAgentActions" name="test_list_pending_actions" time="0.058" /><testcase classname="tests.test_iteration2.TestLeadScoring" name="test_score_single_deal" time="3.292" /><testcase classname="tests.test_iteration2.TestSequences" name="test_create_sequence" time="0.064" /><testcase classname="tests.test_iteration2.TestSequences" name="test_list_sequences" time="0.060" /><testcase classname="tests.test_iteration2.TestSequences" name="test_toggle_sequence" time="0.132" /><testcase classname="tests.test_iteration2.TestLeadScoring" name="test_score_all_deals" time="7.062" /></testsuite></testsuites>