<?xml version="1.0" encoding="utf-8"?><testsuites name="pytest tests"><testsuite name="pytest" errors="0" failures="0" skipped="0" tests="18" time="17.595" timestamp="2026-08-18T19:22:17.322975+00:00" hostname="agent-env-188661bb-e184-4bcb-8c87-41afdbf52e71"><testcase classname="tests.backend_test.TestAuth" name="test_health" time="0.635" /><testcase classname="tests.backend_test.TestAI" name="test_ai_field_builder" time="3.737" /><testcase classname="tests.backend_test.TestAuth" name="test_admin_login_ok" time="0.489" /><testcase classname="tests.backend_test.TestAuth" name="test_login_invalid" time="0.446" /><testcase classname="tests.backend_test.TestAuth" name="test_me_unauthed" time="0.159" /><testcase classname="tests.backend_test.TestFields" name="test_list_default_fields" time="0.076" /><testcase classname="tests.backend_test.TestFields" name="test_create_and_delete_field" time="0.245" /><testcase classname="tests.backend_test.TestFields" name="test_cannot_delete_core_field" time="0.163" /><testcase classname="tests.backend_test.TestIsolation" name="test_new_workspace_has_no_demo_records" time="0.597" /><testcase classname="tests.backend_test.TestIsolation" name="test_new_workspace_has_seeded_fields" time="0.068" /><testcase classname="tests.backend_test.TestIsolation" name="test_cross_tenant_record_404" time="0.228" /><testcase classname="tests.backend_test.TestRecords" name="test_list_contacts" time="0.082" /><testcase classname="tests.backend_test.TestRecords" name="test_create_update_delete_record" time="0.465" /><testcase classname="tests.backend_test.TestStats" name="test_admin_stats" time="0.129" /><testcase classname="tests.backend_test.TestAI" name="test_ai_suggest" time="4.464" /><testcase classname="tests.backend_test.TestAudit" name="test_audit_log_contains_ai_events" time="0.113" /><testcase classname="tests.backend_test.TestAI" name="test_ai_enrich" time="2.037" /><testcase classname="tests.backend_test.TestAI" name="test_chat_streaming" time="6.761" /></testsuite></testsuites>